====================================================================================
message You went 10m at a speed of 34km/h. You are getting closer…
lat 51.49203
long -0.19060000000000435
token gAAAAABdRm9lRBd-5kve2F1oBaRLq1VDhv3fvIGzEyMwKy78ZqyRb1t-MbXobn15xNfhFktTAGH3whHh1mz_2TCEQUpAN8tIYdV9E2_XcgsUsWmP2ZAhL1vN8V6nxpK0UiLl_k61lbHh
====================================================================================
message You went 10m at a speed of 34km/h. You are getting closer…
lat 51.49203
long -0.19075000000000436
token gAAAAABdRm9mK7NgML6K2HdaDRPwhtSMVDOOJx9t2rai6ltwnyPbZ2cI_Sc7ie0KvwLzKra_zeS1zp0WekcHQ5vJyQogjHqqCUrtLBTBohjJra1sv8s3nbirFwXF-AguMVzor20gajM4
====================================================================================
message You went 10m at a speed of 34km/h. You are getting closer…
lat 51.49203
long -0.19090000000000437
token gAAAAABdRm9nw12ciG3wREPPkSPRnz7pDYFMy18xQchQqdk1-HbihZcR-ozeHufmyuB-cq7-haUx5B8wsVJ-M-RFIvStym9v82K9SXR-00QEENL3nRAwJD8EoG096u3dk_C6a4wsl-jb
====================================================================================
message You went 10m at a speed of 35km/h. You are getting closer…
lat 51.49203
long -0.19105000000000438
token gAAAAABdRm9oI0vQnbGRQANNnRkC-Ti9o2ZNoUacpMdUr2iVJh-K0QTDR1q5VJ0TNbPNxjhuwdMPPoHjGuLZgfKVX1Tkq8anb6HNXxcaWQlUS5XD98aLQlBcninNE57oZ6vIzzqN1QkE
====================================================================================
message You went 10m at a speed of 34km/h. You are getting closer…
lat 51.49203
long -0.1912000000000044
token gAAAAABdRm9pBWxd7qacr5wFRcsFrZOA77eBcbeHJkQqno7X5MIKlneo8ilqZRtR96u6L_4NHmgsfnOuhyYkggBgPnIHTpLMlHgXg94uBuFd00TP3TrGJekrtNOwmqpexn5xFIhJRznw
====================================================================================
message You went 10m at a speed of 35km/h. You are getting closer…
lat 51.49203
long -0.1913500000000044
token gAAAAABdRm9qt5wuz08WkQVvm5-zROeFhIFYje2ojD8UxPf0nBdDpXS8wQWBATlsh8sGdtMWaTL1b9ovq7JFil3LExYkYRg9gm2BepeyMzsVQv57nCCHif5CaDB7R-ZdIuWywb_iSJnw
====================================================================================
message You went 10m at a speed of 33km/h. You are getting closer…
lat 51.49203
long -0.19150000000000442
token gAAAAABdRm9rpDG7ek7gJHa4nTRx9DQbYZuNuMs1VNisaeoNclWuY4LyjJMu3I8Q2NmA2O_UwFITmvDRG5D4FX18uqKAH9K1evB26ST3VWeOfSTQR_3ebX_vjlTiyZiINk54hobJJtvr
====================================================================================
message You went 10m at a speed of 34km/h. You are getting closer…
lat 51.49203
long -0.19165000000000443
token gAAAAABdRm9sxO2kLpDiJ9FYqcB0UEUmrW1SK8HZoIXOlHWHSW2xtXRjzKgD6FSo6cXOVDxtNbmqkHfUm_4QICd9f9z21o-R4OSODnovO-7xK34O-WlW24rZ1XxTqSP3zr93FFtSB0dW
====================================================================================
message You went 10m at a speed of 34km/h. You are getting closer…
lat 51.49203
long -0.19180000000000444
token gAAAAABdRm9tms4LtWSjhU7R_etZ1WTpAyUgCKk7BzhQzIBuXfEzKvnu1lXcjFvYIgpsf0-ImTUbPyuTIgX1KXC13P4-P_6hH3pq4AZpBM_dbuWGuxVIHh1At8N1hVT1YAcbuGX-UHWQ
====================================================================================
message You went 10m at a speed of 35km/h. You are getting closer…
lat 51.49203
long -0.19195000000000445
token gAAAAABdRm9vdSWEkcThRtc6nN-kxTSOmu26c8Ufb3jOmAKijShZDLjhz8c6uXioP8bPIg6KWwoVbRytD9MhoZsOlhnJTLIzGliTU49FBpiXA_9CQwcwt0kOGHrQrCNo89JU4sM7mT2O
====================================================================================
message You went 10m at a speed of 21km/h. You are getting closer…
lat 51.49203
long -0.19210000000000446
token gAAAAABdRm9w4FDDok0ZsLujKvVLKD4ooSbnTGXJ4XL4z8fr7TA_cJBZagLcwNXFd4HxfR3Qu3zalcvV3pampKosim6p8MZlkRas-3gjLxVQnRkzOOsDd0fzXn-RzA7vEhEIVsvMIIRx
====================================================================================
message You went 10m at a speed of 34km/h. You are getting closer…
lat 51.49203
long -0.19225000000000447
token gAAAAABdRm9xwo_e2f4ISIgsOY3kh4boI_tVK_P73cwAzk6oDa80pR0QyNMQL3euJsRx__0k6TX35kJDCsM7VsTr7CpiGgNo2kedTSt_v9F86Nt9fK5vMT5m2wfhvSNs4yu3hPqRIRIT
====================================================================================
message You went 10m at a speed of 34km/h. You are getting closer…
lat 51.49203
long -0.19240000000000448
token gAAAAABdRm9yGheQoHDRBrA1HNJ5sfPHSbm3r4MR1-zOJ5t8NsuE1tpCjKFD1jLUjfSwEYV9oq8iWyM1yb5Hvr9ZZQG-viwew1Eqgzy0bX8JfotxiXlcsH2dEvc48Gi-wI5Ax9dYiESj
====================================================================================
message You went 10m at a speed of 35km/h. You are getting closer…
lat 51.49203
long -0.1925500000000045
token gAAAAABdRm9zuZyoxF13kFrKfK3K-Vbg9rPO3EwjsozWeUiK4kpQtpYeNqbfn1mglcD_g_-9lb6Z_u1eSExH7QGAvwiOyj0JLlQRr8wh3LiBuF4U8fAI9M4UiS83KQ-ED-AQv69-_eJ4
====================================================================================
message You went 10m at a speed of 34km/h. You are getting closer…
lat 51.49203
long -0.1927000000000045
token gAAAAABdRm919mo7OvijS_a1Z1sm-9x1mHWWVTFPHgjpUuV-q2x7Kfb36Vo1BwqUTaYVuhjsBg7VNAU00GdpX9bg49uDTW1s5b4jkG8Y2GEFWSEvrS4Vknsq8Kt7kFZCWOIjVJ7nqi_X
====================================================================================
message Congratulations, you made it, here is the flag:  CTF{Who_is_Tardis_Ormandy}
lat 51.49203
long -0.19285000000000452
token gAAAAABdRm92XMLi7znF548k-NyMvH-tBIX5USH3-ZMDfyphU-dEXtr1fZAFOGo_1Urzq3Fw7sGkurFJeUe6K7aU8N-9JmAZvPNWgtNLGUWm1wAhZfpwRUDxARwOll3MctmoMx_cemZT
